{"level":"error","message":"producto con id 20 no encontrado"}
{"level":"warn","message":"ruta: /api/prod, método: GET no implementada"}
{"level":"warn","message":"ruta: /api/carrito/avatars/d36@gmail.com.jpeg, método: GET no implementada"}
{"level":"warn","message":"ruta: /api/index.js, método: GET no implementada"}
{"level":"warn","message":"ruta: /api/index.js, método: GET no implementada"}
{"level":"warn","message":"ruta: /api/carrito/avatars/d36@gmail.com.jpeg, método: GET no implementada"}
{"level":"warn","message":"ruta: /api/index.js, método: GET no implementada"}
{"level":"warn","message":"ruta: /api/carrito/avatars/d36@gmail.com.jpeg, método: GET no implementada"}
{"level":"warn","message":"ruta: /api/index.js, método: GET no implementada"}
{"level":"warn","message":"ruta: /api/carrito/avatars/d36@gmail.com.jpeg, método: GET no implementada"}
{"level":"error","message":null}
{"level":"warn","message":"ruta: /api/carrito/avatars/d36@gmail.com.jpeg, método: GET no implementada"}
{"level":"warn","message":"ruta: /api/index.js, método: GET no implementada"}
{"level":"warn","message":"ruta: /api/carrito/avatars/d36@gmail.com.jpeg, método: GET no implementada"}
{"level":"warn","message":"ruta: /api/index.js, método: GET no implementada"}
{"level":"error","message":null}
{"level":"error","message":null}
{"level":"warn","message":"ruta: /api/avatars/d36@gmail.com.jpeg, método: GET no implementada"}
{"level":"error","message":null}
{"level":"warn","message":"ruta: /api/index.js, método: GET no implementada"}
{"level":"warn","message":"ruta: /api/carrito/avatars/d36@gmail.com.jpeg, método: GET no implementada"}
{"level":"warn","message":"ruta: /api/index.js, método: GET no implementada"}
{"level":"warn","message":"ruta: /api/carrito/avatars/d36@gmail.com.jpeg, método: GET no implementada"}
{"level":"warn","message":"ruta: /api/index.js, método: GET no implementada"}
{"level":"warn","message":"ruta: /api/carrito/avatars/d36@gmail.com.jpeg, método: GET no implementada"}
{"level":"warn","message":"ruta: /api/index.js, método: GET no implementada"}
{"level":"warn","message":"ruta: /api/carrito/avatars/d36@gmail.com.jpeg, método: GET no implementada"}
{"level":"warn","message":"ruta: /api/index.js, método: GET no implementada"}
{"level":"warn","message":"ruta: /api/carrito/avatars/d36@gmail.com.jpeg, método: GET no implementada"}
{"level":"warn","message":"ruta: /api/index.js, método: GET no implementada"}
{"level":"warn","message":"ruta: /api/carrito/avatars/d36@gmail.com.jpeg, método: GET no implementada"}
{"level":"warn","message":"ruta: /api/carrito/, método: POST no implementada"}
{"level":"warn","message":"ruta: /api/carrito/, método: POST no implementada"}
{"level":"warn","message":"ruta: /api/carrito/, método: POST no implementada"}
{"level":"warn","message":"ruta: /api/index.js, método: GET no implementada"}
{"level":"warn","message":"ruta: /api/carrito/avatars/d36@gmail.com.jpeg, método: GET no implementada"}
{"level":"warn","message":"ruta: /api/index.js, método: GET no implementada"}
{"level":"warn","message":"ruta: /api/carrito/avatars/d36@gmail.com.jpeg, método: GET no implementada"}
{"level":"warn","message":"ruta: /api/index.js, método: GET no implementada"}
{"level":"warn","message":"ruta: /api/carrito/avatars/d36@gmail.com.jpeg, método: GET no implementada"}
{"level":"warn","message":"ruta: /api/index.js, método: GET no implementada"}
{"level":"warn","message":"ruta: /api/carrito/avatars/d36@gmail.com.jpeg, método: GET no implementada"}
{"level":"warn","message":"ruta: /api/index.js, método: GET no implementada"}
{"level":"warn","message":"ruta: /api/carrito/avatars/d36@gmail.com.jpeg, método: GET no implementada"}
{"level":"warn","message":"ruta: /api/index.js, método: GET no implementada"}
{"level":"warn","message":"ruta: /api/carrito/avatars/d36@gmail.com.jpeg, método: GET no implementada"}
{"level":"warn","message":"ruta: /api/index.js, método: GET no implementada"}
{"level":"warn","message":"ruta: /api/index.js, método: GET no implementada"}
{"level":"warn","message":"ruta: /api/index.js, método: GET no implementada"}
{"level":"warn","message":"ruta: /api/index.js, método: GET no implementada"}
{"level":"warn","message":"ruta: /api/index.js, método: GET no implementada"}
{"level":"warn","message":"ruta: /api/index.js, método: GET no implementada"}
{"level":"warn","message":"ruta: /api/index.js, método: GET no implementada"}
{"level":"warn","message":"ruta: /api/index.js, método: GET no implementada"}
{"level":"warn","message":"ruta: /api/carrito/avatars/d36@gmail.com.jpeg, método: GET no implementada"}
{"level":"warn","message":"ruta: /api/carrito/avatars/d36@gmail.com.jpeg, método: GET no implementada"}
{"level":"warn","message":"ruta: /api/index.js, método: GET no implementada"}
{"level":"warn","message":"ruta: /api/index.js, método: GET no implementada"}
{"level":"warn","message":"ruta: /api/carrito/avatars/d36@gmail.com.jpeg, método: GET no implementada"}
{"level":"warn","message":"ruta: /api/carrito/avatars/d36@gmail.com.jpeg, método: GET no implementada"}
{"level":"warn","message":"ruta: /api/index.js, método: GET no implementada"}
